Godot Engine v3.5.2.stable.official.170ba337a - https://godotengine.org
OpenGL ES 3.0 Renderer: AMD Radeon 660M (radeonsi, rembrandt, LLVM 18.1.6, DRM 3.58, 6.11.0-200.fsync.fc40.x86_64)
Async. shader compilation: OFF
ERROR: Unrecognized input string "fbe8" in mapping:
030000005e040000ea02000001030000,Xbox One S Controller,a:b0,b:b1,x:b2,y:b3,back:b6,guide:b8,start:b7,leftstick:b9,rightstick:b10,leftshoulder:b4,rightshoulder:b5,dpup:h0.1,dpdown:h0.4,dpleft:h0.8,dpright:h0.2,leftx:a0,lefty:a1,rightx:a3,righty:a4,lefttrigger:a2,righttrigger:a5,crc:fbe8,
   at: parse_mapping (main/input_default.cpp:1221) - Condition "true" is true. Continuing.
ERROR: Unrecognized input string "92b7" in mapping:
060000005e040000ea02000001030000,Xbox One S Controller,a:b0,b:b1,x:b2,y:b3,back:b6,guide:b8,start:b7,leftstick:b9,rightstick:b10,leftshoulder:b4,rightshoulder:b5,dpup:h0.1,dpdown:h0.4,dpleft:h0.8,dpright:h0.2,leftx:a0,lefty:a1,rightx:a3,righty:a4,lefttrigger:a2,righttrigger:a5,crc:92b7,
   at: parse_mapping (main/input_default.cpp:1221) - Condition "true" is true. Continuing.
ERROR: Unrecognized input string "dc18" in mapping:
050000005e0400008e02000030110000,Xbox 360 Controller,a:b0,b:b1,x:b2,y:b3,back:b6,guide:b8,start:b7,leftstick:b9,rightstick:b10,leftshoulder:b4,rightshoulder:b5,dpup:h0.1,dpdown:h0.4,dpleft:h0.8,dpright:h0.2,leftx:a0,lefty:a1,rightx:a3,righty:a4,lefttrigger:a2,righttrigger:a5,crc:dc18,
   at: parse_mapping (main/input_default.cpp:1221) - Condition "true" is true. Continuing.
 
Save file loaded successfully.
1
2
3
4
5
6
7
8
9
73
0
1
2
3
4
5
6
7
8
9
False
0
0
0
0
0
0
0
0
0
0
0
0
0
0
0
0
0
0
0
0
0
0
0
0
0
13
13
13
13
13
13
13
13
13
13
13
13
13
13
13
13
13
13
13
13
13
13
13
13
13
13
13
13
13
13
13
13
13
13
13
13
13
13
13
13
13
13
13
13
13
13
13
13
13
13
13
13
13
13
13
13
13
13
13
13
13
False
0
armor1
73
1
Creep
ERROR: Attempted to merge a navigation mesh triangle edge with another already-merged edge. This happens when the current `cell_size` is different from the one used to generate the navigation mesh. This will cause navigation problems.
   at: sync (modules/navigation/nav_map.cpp:581) - Attempted to merge a navigation mesh triangle edge with another already-merged edge. This happens when the current `cell_size` is different from the one used to generate the navigation mesh. This will cause navigation problems.
13
13
13
13
13
13
13
13
13
13
13
13
13
13
13
13
13
13
13
13
13
13
13
13
13
13
13
13
13
13
13
13
13
13
13
13
13
13
13
13
13
13
13
13
13
13
13
13
13
13
13
13
13
13
13
13
13
13
13
13
13
13
13
13
13
13
13
13
13
13
13
13
13
13
13
13
13
13
13
13
13
13
13
13
13
False
0
armor0.88
73
1
Creep
0
armor0.88
73
1
Creep
0
armor0.88
73
1
Creep
0
armor0.88
73
1
Creep
0
armor0.88
73
1
Creep
0
armor0.88
73
1
Creep
0
armor0.88
73
1
Creep
0
1
2
3
4
5
6
7
8
9
10
13
13
13
13
13
13
13
13
13
13
13
13
13
13
13
13
13
13
13
13
13
13
13
13
13
9
9
9
9
9
9
9
9
9
9
9
9
9
9
9
9
9
9
9
9
9
9
9
9
9
9
9
9
9
9
9
9
9
9
9
9
9
9
9
9
9
9
9
9
9
9
9
9
9
9
9
9
9
9
9
9
9
9
9
9
9
9
9
9
9
9
9
9
9
9
9
9
9
9
9
9
9
9
9
9
9
9
9
9
9
9
9
9
7
9
False
0
armor0.88
73
1
Psycho
0
armor0.88
73
1
Psycho
0
armor0.88
73
1
Psycho
0
armor0.88
73
1
Psycho
0
armor0.88
73
1
Psycho
ERROR: Up vector and direction between node origin and target are aligned, look_at() failed.
   at: look_at_from_position (scene/3d/spatial.cpp:817) - Condition "p_up.cross(p_target - p_pos) == Vector3()" is true.
0
armor0.88
73
1
Psycho
ERROR: Up vector and direction between node origin and target are aligned, look_at() failed.
   at: look_at_from_position (scene/3d/spatial.cpp:817) - Condition "p_up.cross(p_target - p_pos) == Vector3()" is true.
-1
0
armor0.88
73
1
Psycho
0
armor0.88
73
1
Psycho
0
armor0.88
73
1
Psycho
0
1
2
3
4
5
6
7
8
9
10
11
10
10
10
10
10
10
10
10
10
10
10
10
10
10
10
10
10
10
10
10
10
10
10
10
10
10
1
2
2
2
2
2
2
2
2
2
2
2
2
2
2
2
2
2
2
2
2
2
2
2
2
2
2
2
2
2
2
2
2
2
2
2
2
2
2
2
2
2
2
2
2
2
2
2
2
2
2
2
2
2
2
2
2
2
2
2
2
2
2
2
2
2
2
2
2
2
2
2
2
2
2
2
2
2
2
2
2
2
2
2
2
2
2
False
0
armor0.88
73
1
Nerd_2
2
Nerd_1
3
Nerd_3
2
2
2
2
2
2
2
2
2
2
2
2
2
2
2
2
2
2
2
2
2
2
2
2
2
2
2
2
2
2
2
2
2
2
2
2
2
2
2
2
2
2
2
2
2
2
2
2
2
2
2
2
2
2
2
0
False
0
armor0.88
73
10
10
10
10
10
73
0
0
0
0
0
0
0
0
0
0
0
0
0
0
0
0
0
0
0
0
0
0
0
0
0
0
0
2
2
2
2
2
2
2
2
2
2
2
2
2
2
2
2
2
2
2
2
2
2
2
2
2
2
2
2
2
2
2
False
0
armor0.88
73
1
Nerd_2
2
Nerd_1
3
Nerd_3
2
2
2
2
2
2
2
2
2
2
2
2
2
2
2
2
2
2
2
2
2
2
2
2
2
False
0
armor0.88
73
1
Nerd_2
2
Nerd_1
3
Nerd_3
2
2
2
2
2
2
2
2
2
2
2
2
2
2
2
2
2
2
2
2
2
2
2
2
2
0
False
0
armor0.88
73
10
10
10
10
10
73
0
0
0
0
0
0
0
0
0
0
0
0
0
0
0
0
0
0
0
0
0
0
0
0
0
0
0
2
2
2
2
2
2
2
2
2
2
2
2
2
2
2
2
2
2
2
2
2
2
2
2
2
2
2
2
2
2
2
False
0
armor0.88
73
1
Nerd_2
2
Nerd_1
3
Nerd_3
2
2
2
2
2
2
2
2
2
2
2
2
2
2
2
2
2
2
2
2
2
2
2
2
2
2
2
2
2
2
2
2
2
2
2
2
2
2
2
2
2
2
2
2
2
2
2
2
2
2
2
2
2
2
2
2
0
False
0
armor0.75
73
10
10
10
10
10
73
0
0
0
0
0
0
0
0
0
0
0
0
0
0
0
0
0
0
0
0
0
0
0
0
0
0
0
0
False
0
armor0.55
73
10
10
10
10
10
73
0
0
0
0
0
0
0
0
0
0
0
0
0
0
0
0
0
0
0
0
0
0
0
0
0
2
False
0
armor0.55
73
1
Nerd_2
2
Nerd_1
3
Nerd_3
2
2
2
2
2
2
2
2
2
2
2
2
2
2
2
2
2
2
2
2
2
2
2
2
2
2
2
2
2
2
2
2
2
2
2
2
2
2
2
2
2
2
2
2
2
2
2
2
2
2
2
2
2
2
2
2
2
2
2
2
2
2
2
2
2
2
2
2
2
2
2
2
2
2
2
2
2
2
2
2
2
2
2
2
2
False
0
armor0.55
73
1
Nerd_2
2
Nerd_1
3
Nerd_3
2
2
2
2
2
2
2
2
2
2
2
2
2
2
2
2
2
2
2
2
2
2
2
2
2
5
13
10
9
8
8
8
8
8
8
8
8
8
8
8
8
8
8
8
8
8
8
8
8
8
8
8
8
8
8
8
8
8
8
8
8
8
8
False
0
armor0.88
73
1
Swampgod
0
armor0.88
73
1
Swampgod
0
armor0.88
73
1
Swampgod
8
8
8
8
8
8
8
8
8
8
8
8
8
8
8
8
8
8
8
8
8
8
8
8
8
10
10
10
10
10
10
10
10
10
10
10
10
10
10
10
10
10
10
10
10
10
10
10
10
10
10
10
10
10
10
10
False
0
armor0.88
73
1
Cult_Leader
0
armor0.88
73
1
Cult_Leader
0
armor0.88
73
1
Cult_Leader
0
armor0.88
73
1
Cult_Leader
0
armor0.88
73
1
Cult_Leader
0
armor0.88
73
1
Cult_Leader
0
1
2
3
4
5
6
7
8
9
10
11
12
0
armor0.88
73
1
Cult_Leader
0
armor0.88
73
1
Cult_Leader
0
armor0.88
73
1
Cult_Leader
0
armor0.88
73
1
Cult_Leader
10
10
10
10
10
10
10
10
10
10
10
10
10
10
10
10
10
10
10
10
10
10
10
10
10
10
10
10
10
10
10
10
10
10
10
10
10
10
10
10
10
10
10
10
10
10
10
10
10
10
10
10
10
10
10
10
10
10
10
10
10
10
10
10
10
10
10
10
10
10
10
10
10
10
10
10
10
10
10
10
10
10
10
10
10
11
13
1
0
False
0
armor0.88
73
11
11
11
11
11
73
0
0
0
0
0
0
0
0
0
0
0
0
0
0
0
0
0
0
0
0
0
0
0
0
0
0
0
0
0
0
0
0
0
0
0
0
0
0
0
0
0
0
0
0
0
0
0
0
0
0
0
0
0
0
0
0
0
0
10
10
10
10
10
10
10
10
10
10
10
10
10
10
10
10
10
10
10
10
10
10
10
10
10
10
10
10
10
10
10
False
0
armor0.8
73
1
Cult_Leader
0
armor0.8
73
1
Civilian2
2
Civilian4
3
Civilian3
4
Civilian5
0
armor0.8
73
1
Civilian2
2
Civilian4
3
Civilian3
4
Civilian5
0
armor0.8
73
1
Civilian2
2
Civilian4
3
Civilian3
4
Civilian5
0
armor0.8
73
1
Civilian2
2
Civilian4
3
Civilian3
4
Civilian5
0
armor0.8
73
1
Civilian2
2
Civilian4
3
Civilian3
4
Civilian5
0
armor0.8
73
1
Civilian2
2
Civilian4
3
Civilian3
4
Civilian5
0
armor0.8
73
1
Civilian2
2
Civilian4
3
Civilian3
4
Civilian5
3
ERROR: Node origin and target are in the same position, look_at() failed.
   at: look_at_from_position (scene/3d/spatial.cpp:815) - Condition "p_pos == p_target" is true.
16
16
16
16
16
16
16
16
16
16
16
16
16
16
16
16
16
16
16
16
16
16
16
16
16
11
16
16
16
16
16
16
16
16
16
16
16
16
16
16
16
16
16
16
16
16
16
16
16
16
16
16
16
16
16
16
16
False
0
armor0.8
73
1
Civilian2
2
Civilian4
3
Civilian3
4
Civilian5
0
armor0.8
73
1
Civilian2
2
Civilian4
3
Civilian3
4
Civilian5
3
0
armor0.8
73
1
Civilian2
2
Civilian4
3
Civilian3
4
Civilian5
3
2
1
0
1
2
3
4
5
6
7
8
9
10
11
12
13
16
16
16
16
16
16
16
16
16
16
16
16
16
16
16
16
16
16
16
16
16
16
16
16
16
16
16
16
16
16
16
16
16
16
16
16
16
16
16
16
16
16
16
16
16
16
16
16
16
16
16
16
16
16
16
16
16
16
16
16
16
16
16
16
16
16
16
16
16
16
16
16
16
16
16
16
16
16
16
16
16
16
16
16
16
16
16
16
6
False
0
armor0.8
73
1
Cult_Leader
-1
0
armor0.8
73
1
Cult_Leader
0
armor0.8
73
1
Cult_Leader
0
6
0
armor0.8
73
1
Cult_Leader
0
6
6
6
6
6
6
6
6
6
6
6
6
6
6
6
6
6
6
6
6
6
6
6
6
6
6
6
6
6
6
6
6
6
6
6
6
6
6
6
6
6
6
6
6
6
6
6
6
6
6
6
6
6
6
6
False
0
armor0.8
73
1
Cult_Leader
0
armor0.8
73
1
Cult_Leader
0
0
armor0.8
73
1
Cult_Leader
0
0
armor0.8
73
1
Cult_Leader
6
6
6
6
6
6
6
6
6
6
6
6
6
6
6
6
6
6
6
6
6
6
6
6
6
6
6
6
6
6
6
6
6
6
6
6
6
6
6
6
6
6
6
6
6
6
6
6
6
6
6
6
6
6
6
False
0
armor0.8
73
1
Cult_Leader
0
1
2
3
4
5
6
7
8
9
10
11
12
13
0
armor0.8
73
1
Cult_Leader
0
0
armor0.8
73
1
Cult_Leader
0
0
armor0.8
73
1
Cult_Leader
0
0
armor0.8
73
1
Cult_Leader
0
0
armor0.8
73
1
Cult_Leader
0
0
armor0.8
73
1
Cult_Leader
0
1
2
3
4
5
6
7
8
9
10
11
12
13
7
7
7
7
7
7
7
7
7
7
7
7
7
7
7
7
7
7
7
7
7
7
7
7
7
11
11
11
11
11
11
11
11
11
11
11
11
11
11
11
11
11
11
11
11
11
11
11
11
11
11
11
11
11
11
11
False
0
armor0.8
73
1
elsa
2
SubArch1
3
SubArch2
4
SubArch3
5
SubArch4
4
3
0
armor0.8
73
1
elsa
2
SubArch1
3
SubArch2
4
SubArch3
5
SubArch4
4
3
0
armor0.8
73
1
elsa
2
SubArch1
3
SubArch2
4
SubArch3
5
SubArch4
0
armor0.8
73
1
elsa
2
SubArch1
3
SubArch2
4
SubArch3
5
SubArch4
0
armor0.8
73
1
elsa
2
SubArch1
3
SubArch2
4
SubArch3
5
SubArch4
4
3
2
1
0
0
armor0.8
73
1
elsa
2
SubArch1
3
SubArch2
4
SubArch3
5
SubArch4
4
3
2
1
0
1
2
3
4
5
6
7
8
9
10
11
12
13
14
12
12
12
12
12
12
12
12
12
12
12
12
12
12
12
12
12
12
12
12
12
12
12
12
12
13
12
7
5
7
7
7
7
7
7
7
7
7
7
7
7
7
7
7
7
7
7
7
7
7
7
7
7
7
7
7
7
7
7
7
7
False
0
armor0.9
73
1
Civilian3
2
Civilian
3
Civilian2
0
armor0.9
73
1
Civilian3
2
Civilian4
3
Civilian5
4
Civilian
0
armor0.9
73
1
Civilian3
2
Civilian4
3
Civilian5
4
Civilian
-1
0
armor0.9
73
1
Civilian3
2
Civilian4
3
Civilian5
4
Civilian
3
0
armor0.9
73
1
Civilian3
2
Civilian4
3
Civilian5
4
Civilian
0
armor0.9
73
1
Civilian3
2
Civilian4
3
Civilian5
4
Civilian
0
armor0.9
73
1
Civilian3
2
Civilian4
3
Civilian5
4
Civilian
14
14
14
14
14
14
14
14
14
14
14
14
14
14
14
14
14
14
14
14
14
14
14
14
14
14
14
14
14
14
14
14
14
14
14
14
14
14
14
14
14
14
14
14
14
14
14
14
14
14
14
14
14
14
14
14
14
14
14
14
14
14
14
14
14
14
14
14
14
14
14
14
14
14
14
14
14
14
14
14
14
14
14
14
14
14
14
14
14
14
14
14
14
14
14
14
14
14
14
14
14
14
14
14
14
14
14
14
14
14
14
14
14
14
14
14
14
14
14
14
14
14
14
14
14
14
14
14
14
14
14
14
14
14
14
14
14
14
14
14
14
14
14
14
14
False
0
armor0.9
73
1
Civilian3
2
Civilian4
3
Civilian5
4
Civilian
3
14
14
14
14
14
14
14
14
14
14
14
14
14
14
14
14
14
14
14
14
14
14
14
14
14
14
14
14
14
13
14
False
0
armor0.55
73
1
Civilian3
2
Civilian4
3
Civilian5
4
Civilian
3
2
1
0
armor0.55
73
1
Civilian3
2
Civilian4
3
Civilian5
4
Civilian
3
2
0
armor0.55
73
1
Civilian3
2
Civilian4
3
Civilian5
4
Civilian
3
0
armor0.55
73
1
Civilian3
2
Civilian4
3
Civilian5
4
Civilian
3
2
1
0
armor0.55
73
1
Civilian3
2
Civilian4
3
Civilian5
4
Civilian
3
2
0
armor0.55
73
1
Civilian3
2
Civilian4
3
Civilian5
4
Civilian
3
2
1
0
armor0.55
73
1
Civilian3
2
Civilian4
3
Civilian5
4
Civilian
14
14
14
14
14
14
14
14
14
14
14
14
14
14
14
14
14
14
14
14
14
14
14
14
14
14
14
14
14
14
14
14
14
14
14
14
14
14
14
14
14
14
14
14
14
14
14
14
14
14
14
14
14
14
14
14
False
0
armor0.9
73
1
Civilian3
2
Civilian4
3
Civilian5
4
Civilian
-1
14
14
14
14
14
14
14
14
14
14
14
14
14
14
14
14
14
14
14
14
14
14
14
14
14
14
14
14
14
14
14
14
14
14
14
14
14
14
14
14
14
14
14
14
14
14
14
14
14
14
14
14
14
14
14
False
0
armor0.9
73
1
Civilian3
2
Civil